<?xml version="1.0" encoding="UTF-8"?>
<testsuite xmlns:xsi="http://www.w3.org/2001/XMLSchema-instance" xsi:noNamespaceSchemaLocation="https://maven.apache.org/surefire/maven-surefire-plugin/xsd/surefire-test-report.xsd" name="DiscordBot.DiscordBot.AppTest" time="0.172" tests="1" errors="0" skipped="0" failures="0">
  <properties>
    <property name="gopherProxySet" value="false"/>
    <property name="awt.toolkit" value="sun.lwawt.macosx.LWCToolkit"/>
    <property name="java.specification.version" value="11"/>
    <property name="sun.cpu.isalist" value=""/>
    <property name="sun.jnu.encoding" value="UTF-8"/>
    <property name="java.class.path" value="/Users/harukimiyazaki/Yubaba/YubabaBot/target/test-classes:/Users/harukimiyazaki/Yubaba/YubabaBot/target/classes:/Users/harukimiyazaki/.m2/repository/junit/junit/4.11/junit-4.11.jar:/Users/harukimiyazaki/.m2/repository/org/hamcrest/hamcrest-core/1.3/hamcrest-core-1.3.jar:/Users/harukimiyazaki/.m2/repository/net/dv8tion/JDA/4.3.0_340/JDA-4.3.0_340.jar:/Users/harukimiyazaki/.m2/repository/com/google/code/findbugs/jsr305/3.0.2/jsr305-3.0.2.jar:/Users/harukimiyazaki/.m2/repository/org/jetbrains/annotations/16.0.1/annotations-16.0.1.jar:/Users/harukimiyazaki/.m2/repository/org/slf4j/slf4j-api/1.7.25/slf4j-api-1.7.25.jar:/Users/harukimiyazaki/.m2/repository/com/neovisionaries/nv-websocket-client/2.14/nv-websocket-client-2.14.jar:/Users/harukimiyazaki/.m2/repository/com/squareup/okhttp3/okhttp/3.13.0/okhttp-3.13.0.jar:/Users/harukimiyazaki/.m2/repository/com/squareup/okio/okio/1.17.2/okio-1.17.2.jar:/Users/harukimiyazaki/.m2/repository/club/minnced/opus-java-api/1.1.0/opus-java-api-1.1.0.jar:/Users/harukimiyazaki/.m2/repository/net/java/dev/jna/jna/4.4.0/jna-4.4.0.jar:/Users/harukimiyazaki/.m2/repository/club/minnced/opus-java-natives/1.1.0/opus-java-natives-1.1.0.jar:/Users/harukimiyazaki/.m2/repository/org/apache/commons/commons-collections4/4.1/commons-collections4-4.1.jar:/Users/harukimiyazaki/.m2/repository/net/sf/trove4j/trove4j/3.0.3/trove4j-3.0.3.jar:/Users/harukimiyazaki/.m2/repository/com/fasterxml/jackson/core/jackson-databind/2.10.1/jackson-databind-2.10.1.jar:/Users/harukimiyazaki/.m2/repository/com/fasterxml/jackson/core/jackson-annotations/2.10.1/jackson-annotations-2.10.1.jar:/Users/harukimiyazaki/.m2/repository/com/fasterxml/jackson/core/jackson-core/2.10.1/jackson-core-2.10.1.jar:"/>
    <property name="java.vm.vendor" value="Oracle Corporation"/>
    <property name="sun.arch.data.model" value="64"/>
    <property name="java.vendor.url" value="http://java.oracle.com/"/>
    <property name="user.timezone" value=""/>
    <property name="java.vm.specification.version" value="11"/>
    <property name="os.name" value="Mac OS X"/>
    <property name="user.country" value="US"/>
    <property name="sun.java.launcher" value="SUN_STANDARD"/>
    <property name="sun.boot.library.path" value="/Library/Java/JavaVirtualMachines/jdk-11.0.1.jdk/Contents/Home/lib"/>
    <property name="sun.java.command" value="/Users/harukimiyazaki/Yubaba/YubabaBot/target/surefire/surefirebooter2687775121151216809.jar /Users/harukimiyazaki/Yubaba/YubabaBot/target/surefire 2021-11-06T13-26-50_629-jvmRun1 surefire10887000354919539009tmp surefire_02744377353611024084tmp"/>
    <property name="http.nonProxyHosts" value="local|*.local|169.254/16|*.169.254/16"/>
    <property name="jdk.debug" value="release"/>
    <property name="surefire.test.class.path" value="/Users/harukimiyazaki/Yubaba/YubabaBot/target/test-classes:/Users/harukimiyazaki/Yubaba/YubabaBot/target/classes:/Users/harukimiyazaki/.m2/repository/junit/junit/4.11/junit-4.11.jar:/Users/harukimiyazaki/.m2/repository/org/hamcrest/hamcrest-core/1.3/hamcrest-core-1.3.jar:/Users/harukimiyazaki/.m2/repository/net/dv8tion/JDA/4.3.0_340/JDA-4.3.0_340.jar:/Users/harukimiyazaki/.m2/repository/com/google/code/findbugs/jsr305/3.0.2/jsr305-3.0.2.jar:/Users/harukimiyazaki/.m2/repository/org/jetbrains/annotations/16.0.1/annotations-16.0.1.jar:/Users/harukimiyazaki/.m2/repository/org/slf4j/slf4j-api/1.7.25/slf4j-api-1.7.25.jar:/Users/harukimiyazaki/.m2/repository/com/neovisionaries/nv-websocket-client/2.14/nv-websocket-client-2.14.jar:/Users/harukimiyazaki/.m2/repository/com/squareup/okhttp3/okhttp/3.13.0/okhttp-3.13.0.jar:/Users/harukimiyazaki/.m2/repository/com/squareup/okio/okio/1.17.2/okio-1.17.2.jar:/Users/harukimiyazaki/.m2/repository/club/minnced/opus-java-api/1.1.0/opus-java-api-1.1.0.jar:/Users/harukimiyazaki/.m2/repository/net/java/dev/jna/jna/4.4.0/jna-4.4.0.jar:/Users/harukimiyazaki/.m2/repository/club/minnced/opus-java-natives/1.1.0/opus-java-natives-1.1.0.jar:/Users/harukimiyazaki/.m2/repository/org/apache/commons/commons-collections4/4.1/commons-collections4-4.1.jar:/Users/harukimiyazaki/.m2/repository/net/sf/trove4j/trove4j/3.0.3/trove4j-3.0.3.jar:/Users/harukimiyazaki/.m2/repository/com/fasterxml/jackson/core/jackson-databind/2.10.1/jackson-databind-2.10.1.jar:/Users/harukimiyazaki/.m2/repository/com/fasterxml/jackson/core/jackson-annotations/2.10.1/jackson-annotations-2.10.1.jar:/Users/harukimiyazaki/.m2/repository/com/fasterxml/jackson/core/jackson-core/2.10.1/jackson-core-2.10.1.jar:"/>
    <property name="sun.cpu.endian" value="little"/>
    <property name="user.home" value="/Users/harukimiyazaki"/>
    <property name="user.language" value="en"/>
    <property name="java.specification.vendor" value="Oracle Corporation"/>
    <property name="java.version.date" value="2018-10-16"/>
    <property name="java.home" value="/Library/Java/JavaVirtualMachines/jdk-11.0.1.jdk/Contents/Home"/>
    <property name="file.separator" value="/"/>
    <property name="basedir" value="/Users/harukimiyazaki/Yubaba/YubabaBot"/>
    <property name="java.vm.compressedOopsMode" value="Zero based"/>
    <property name="line.separator" value="&#10;"/>
    <property name="java.specification.name" value="Java Platform API Specification"/>
    <property name="java.vm.specification.vendor" value="Oracle Corporation"/>
    <property name="java.awt.graphicsenv" value="sun.awt.CGraphicsEnvironment"/>
    <property name="surefire.real.class.path" value="/Users/harukimiyazaki/Yubaba/YubabaBot/target/surefire/surefirebooter2687775121151216809.jar"/>
    <property name="sun.management.compiler" value="HotSpot 64-Bit Tiered Compilers"/>
    <property name="ftp.nonProxyHosts" value="local|*.local|169.254/16|*.169.254/16"/>
    <property name="java.runtime.version" value="11.0.1+13-LTS"/>
    <property name="user.name" value="harukimiyazaki"/>
    <property name="path.separator" value=":"/>
    <property name="os.version" value="10.15.7"/>
    <property name="java.runtime.name" value="Java(TM) SE Runtime Environment"/>
    <property name="file.encoding" value="UTF-8"/>
    <property name="java.vm.name" value="Java HotSpot(TM) 64-Bit Server VM"/>
    <property name="java.vendor.version" value="18.9"/>
    <property name="maven.ext.class.path" value="/Applications/NetBeans/Apache NetBeans 11.3.app/Contents/Resources/NetBeans/netbeans/java/maven-nblib/netbeans-eventspy.jar"/>
    <property name="localRepository" value="/Users/harukimiyazaki/.m2/repository"/>
    <property name="java.vendor.url.bug" value="http://bugreport.java.com/bugreport/"/>
    <property name="java.io.tmpdir" value="/var/folders/xz/gk0p_98s2n5cxjgp2zqsh18m0000gn/T/"/>
    <property name="java.version" value="11.0.1"/>
    <property name="user.dir" value="/Users/harukimiyazaki/Yubaba/YubabaBot"/>
    <property name="os.arch" value="x86_64"/>
    <property name="java.vm.specification.name" value="Java Virtual Machine Specification"/>
    <property name="java.awt.printerjob" value="sun.lwawt.macosx.CPrinterJob"/>
    <property name="sun.os.patch.level" value="unknown"/>
    <property name="java.library.path" value="/Users/harukimiyazaki/Library/Java/Extensions:/Library/Java/Extensions:/Network/Library/Java/Extensions:/System/Library/Java/Extensions:/usr/lib/java:."/>
    <property name="java.vendor" value="Oracle Corporation"/>
    <property name="java.vm.info" value="mixed mode"/>
    <property name="java.vm.version" value="11.0.1+13-LTS"/>
    <property name="sun.io.unicode.encoding" value="UnicodeBig"/>
    <property name="java.class.version" value="55.0"/>
    <property name="socksNonProxyHosts" value="local|*.local|169.254/16|*.169.254/16"/>
  </properties>
  <testcase name="shouldAnswerWithTrue" classname="DiscordBot.DiscordBot.AppTest" time="0.002"/>
</testsuite>